<<<<<<< HEAD
=======
<<<<<<< HEAD
=======
<<<<<<< HEAD
=======
<<<<<<< HEAD
=======
<<<<<<< HEAD
>>>>>>> a1b5b2a4f225b833a1cfa274949f8dfac5dc5513
Base path: C:/Program Files (x86)/Unity/Editor/Data
Pipe name: \\.\pipe\UnityShaderCompiler-64bit-1-21896
Cmd: getPlatforms
<<<<<<< HEAD
=======
=======
<<<<<<< HEAD
>>>>>>> ecbda953937029483982626b2063dfe95a2d3fae
>>>>>>> 5ea8fe352e277f63130fa19b003983e31b6c0b4e
Base path: C:/Program Files/Unity/Editor/Data
Pipe name: \\.\pipe\UnityShaderCompiler-64bit-1-9540
Cmd: getPlatforms
<<<<<<< HEAD
=======
<<<<<<< HEAD
=======
>>>>>>> 0bb31db01b1c1af170219b6a39d5e24308245da2
>>>>>>> 176382761abf4deef784b6afc6960d2b94b572aa
>>>>>>> 33e21c8a7812a9f339c7f470d0f21f954c4b22e1
>>>>>>> ecbda953937029483982626b2063dfe95a2d3fae
>>>>>>> a1b5b2a4f225b833a1cfa274949f8dfac5dc5513
>>>>>>> 5ea8fe352e277f63130fa19b003983e31b6c0b4e
